<?xml version="1.0" encoding="UTF-8"?>
<!-- Generated by org.testng.reporters.JUnitReportReporter -->
<testsuite skipped="0" hostname="LAPTOP-GPQ6JPE7" name="test.ActitimeLoginTest" tests="1" failures="0" timestamp="19 Oct 2020 14:38:40 GMT" time="3.521" errors="0">
  <testcase name="login" time="3.521" classname="test.ActitimeLoginTest"/>
</testsuite> <!-- test.ActitimeLoginTest -->
